IQ-TREE multicore version 1.6.3 for Mac OS X 64-bit built Mar 22 2018
Developed by Bui Quang Minh, Nguyen Lam Tung, Olga Chernomor,
Heiko Schmidt, Dominik Schrempf, Michael Woodhams.

Host:    eduroam-230-126.nomadic.bris.ac.uk (AVX2, FMA3, 16 GB RAM)
Command: iqtree -s mc.paml -m HKY
Seed:    603979 (Using SPRNG - Scalable Parallel Random Number Generator)
Time:    Wed Sep  4 11:10:43 2019
Kernel:  AVX+FMA - 1 threads (4 CPU cores detected)

HINT: Use -nt option to specify number of threads because your CPU has 4 cores!
HINT: -nt AUTO will automatically determine the best number of threads to use.

Reading alignment file mc.paml ... Phylip format detected
Alignment most likely contains DNA/RNA sequences
Alignment has 10 sequences with 10000 columns, 5553 distinct patterns
8913 parsimony-informative, 917 singleton sites, 170 constant sites
     Gap/Ambiguity  Composition  p-value
   1  S1     0.00%    passed     59.11%
   2  S2     0.00%    passed     34.78%
   3  S3     0.00%    passed     78.79%
   4  S4     0.00%    passed     99.06%
   5  S5     0.00%    passed     73.60%
   6  S6     0.00%    passed     93.13%
   7  S7     0.00%    passed     70.58%
   8  S8     0.00%    passed     75.33%
   9  S9     0.00%    passed     83.67%
  10  S10    0.00%    passed     78.43%
****  TOTAL    0.00%  0 sequences failed composition chi2 test (p-value<5%; df=3)

Create initial parsimony tree by phylogenetic likelihood library (PLL)... 0.004 seconds

NOTE: 1 MB RAM (0 GB) is required!
Estimate model parameters (epsilon = 0.100)
1. Initial log-likelihood: -98317.824
2. Current log-likelihood: -93974.114
3. Current log-likelihood: -93675.491
4. Current log-likelihood: -93649.150
5. Current log-likelihood: -93645.442
6. Current log-likelihood: -93644.889
7. Current log-likelihood: -93644.788
Optimal log-likelihood: -93644.775
Rate parameters:  A-C: 1.00000  A-G: 5.05387  A-T: 1.00000  C-G: 1.00000  C-T: 5.05387  G-T: 1.00000
Base frequencies:  A: 0.301  C: 0.197  G: 0.401  T: 0.102
Parameters optimization took 7 rounds (0.080 sec)
Computing ML distances based on estimated model parameters... 0.005 sec
Computing BIONJ tree...
0.001 seconds
Log-likelihood of BIONJ tree: -93642.566
--------------------------------------------------------------------
|             INITIALIZING CANDIDATE TREE SET                      |
--------------------------------------------------------------------
Generating 98 parsimony trees... 0.279 second
Computing log-likelihood of 90 initial trees ... 0.487 seconds
Current best score: -93642.566

Do NNI search on 20 best initial trees
Estimate model parameters (epsilon = 0.100)
BETTER TREE FOUND at iteration 1: -93642.566
Iteration 10 / LogL: -93645.080 / Time: 0h:0m:1s
Iteration 20 / LogL: -93737.295 / Time: 0h:0m:1s
Finish initializing candidate tree set (1)
Current best tree score: -93642.566 / CPU time: 1.483
Number of iterations: 20
--------------------------------------------------------------------
|               OPTIMIZING CANDIDATE TREE SET                      |
--------------------------------------------------------------------
UPDATE BEST LOG-LIKELIHOOD: -93642.566
Iteration 30 / LogL: -93642.656 / Time: 0h:0m:2s (0h:0m:5s left)
UPDATE BEST LOG-LIKELIHOOD: -93642.566
Iteration 40 / LogL: -93644.739 / Time: 0h:0m:2s (0h:0m:3s left)
UPDATE BEST LOG-LIKELIHOOD: -93642.566
Iteration 50 / LogL: -93643.627 / Time: 0h:0m:3s (0h:0m:3s left)
UPDATE BEST LOG-LIKELIHOOD: -93642.566
Iteration 60 / LogL: -93642.659 / Time: 0h:0m:3s (0h:0m:2s left)
Iteration 70 / LogL: -93654.434 / Time: 0h:0m:3s (0h:0m:1s left)
Iteration 80 / LogL: -93642.566 / Time: 0h:0m:4s (0h:0m:1s left)
Iteration 90 / LogL: -93642.566 / Time: 0h:0m:6s (0h:0m:0s left)
Iteration 100 / LogL: -93643.919 / Time: 0h:0m:7s (0h:0m:0s left)
TREE SEARCH COMPLETED AFTER 102 ITERATIONS / Time: 0h:0m:7s

--------------------------------------------------------------------
|                    FINALIZING TREE SEARCH                        |
--------------------------------------------------------------------
Performs final model parameters optimization
Estimate model parameters (epsilon = 0.010)
1. Initial log-likelihood: -93642.566
Optimal log-likelihood: -93642.566
Rate parameters:  A-C: 1.00000  A-G: 5.05292  A-T: 1.00000  C-G: 1.00000  C-T: 5.05292  G-T: 1.00000
Base frequencies:  A: 0.301  C: 0.197  G: 0.401  T: 0.102
Parameters optimization took 1 rounds (0.025 sec)
BEST SCORE FOUND : -93642.566
Total tree length: 5.493

Total number of iterations: 102
CPU time used for tree search: 5.504 sec (0h:0m:5s)
Wall-clock time used for tree search: 7.507 sec (0h:0m:7s)
Total CPU time used: 5.639 sec (0h:0m:5s)
Total wall-clock time used: 7.678 sec (0h:0m:7s)

Analysis results written to: 
  IQ-TREE report:                mc.paml.iqtree
  Maximum-likelihood tree:       mc.paml.treefile
  Likelihood distances:          mc.paml.mldist
  Screen log file:               mc.paml.log

Date and Time: Wed Sep  4 11:10:51 2019
